<?xml version='1.0' encoding='UTF-8'?>
<testsuite hostname="potato" name="OptionsTest" tests="8" errors="0" failures="0" skipped="0" time="0.014" timestamp="2021-12-18T15:50:31">
                     <properties>
[...]
</properties>
                     <testcase classname="OptionsTest" name="(It is not a test it is a sbt.testing.SuiteSelector)" time="0.008">
                                                 
                                               </testcase><testcase classname="OptionsTest" name="(It is not a test it is a sbt.testing.SuiteSelector)" time="0.001">
                                                 
                                               </testcase><testcase classname="OptionsTest" name="(It is not a test it is a sbt.testing.SuiteSelector)" time="0.001">
                                                 
                                               </testcase><testcase classname="OptionsTest" name="(It is not a test it is a sbt.testing.SuiteSelector)" time="0.001">
                                                 
                                               </testcase><testcase classname="OptionsTest" name="(It is not a test it is a sbt.testing.SuiteSelector)" time="0.001">
                                                 
                                               </testcase><testcase classname="OptionsTest" name="(It is not a test it is a sbt.testing.SuiteSelector)" time="0.0">
                                                 
                                               </testcase><testcase classname="OptionsTest" name="(It is not a test it is a sbt.testing.SuiteSelector)" time="0.001">
                                                 
                                               </testcase><testcase classname="OptionsTest" name="(It is not a test it is a sbt.testing.SuiteSelector)" time="0.001">
                                                 
                                               </testcase>
                     <system-out><![CDATA[]]></system-out>
                     <system-err><![CDATA[]]></system-err>
                   </testsuite>